 common/inc/sgx_wasm.h                              |    92 -
 linux/installer/common/sdk/BOMs/sdk_base.txt       |     1 -
 linux/installer/common/sdk/BOMs/sdk_x64.txt        |     1 -
 linux/installer/common/sdk/BOMs/sdk_x86.txt        |     1 -
 .../data/white_list_cert_to_be_verify.bin          |   Bin 1464 -> 0 bytes
 psw/ae/aesm_service/source/build/CMakeCache.txt    |   620 -
 .../build/CMakeFiles/3.16.3/CMakeCCompiler.cmake   |    76 -
 .../build/CMakeFiles/3.16.3/CMakeCXXCompiler.cmake |    88 -
 .../3.16.3/CMakeDetermineCompilerABI_C.bin         |   Bin 15952 -> 0 bytes
 .../3.16.3/CMakeDetermineCompilerABI_CXX.bin       |   Bin 15960 -> 0 bytes
 .../build/CMakeFiles/3.16.3/CMakeSystem.cmake      |    15 -
 .../3.16.3/CompilerIdC/CMakeCCompilerId.c          |   671 -
 .../build/CMakeFiles/3.16.3/CompilerIdC/a.out      |   Bin 16104 -> 0 bytes
 .../3.16.3/CompilerIdCXX/CMakeCXXCompilerId.cpp    |   660 -
 .../build/CMakeFiles/3.16.3/CompilerIdCXX/a.out    |   Bin 16112 -> 0 bytes
 .../CMakeFiles/CMakeDirectoryInformation.cmake     |    16 -
 .../source/build/CMakeFiles/CMakeError.log         |    62 -
 .../source/build/CMakeFiles/CMakeOutput.log        |   505 -
 .../source/build/CMakeFiles/CMakeRuleHashes.txt    |    21 -
 .../source/build/CMakeFiles/Makefile.cmake         |   191 -
 .../aesm_service/source/build/CMakeFiles/Makefile2 |   734 -
 .../source/build/CMakeFiles/TargetDirectories.txt  |    42 -
 .../source/build/CMakeFiles/cmake.check_cache      |     1 -
 .../source/build/CMakeFiles/progress.marks         |     1 -
 psw/ae/aesm_service/source/build/Makefile          |   330 -
 psw/ae/aesm_service/source/build/bin/aesm_service  |   Bin 122808 -> 0 bytes
 .../CMakeFiles/CMakeDirectoryInformation.cmake     |    16 -
 .../source/build/bundles/CMakeFiles/progress.marks |     1 -
 psw/ae/aesm_service/source/build/bundles/Makefile  |   134 -
 .../source/build/bundles/cmake_install.cmake       |    50 -
 .../CMakeFiles/CMakeDirectoryInformation.cmake     |    16 -
 .../CXX.includecache                               |   608 -
 .../DependInfo.cmake                               |    48 -
 .../ecdsa_quote_service_bundle.dir/build.make      |   148 -
 .../cmake_clean.cmake                              |    14 -
 .../ecdsa_quote_service_bundle.dir/depend.internal |    89 -
 .../ecdsa_quote_service_bundle.dir/depend.make     |    89 -
 .../ecdsa_quote_service_bundle.dir/flags.make      |    10 -
 .../ecdsa_quote_service_bundle.dir/link.txt        |     1 -
 .../ecdsa_quote_service_bundle.dir/progress.make   |     7 -
 .../CMakeFiles/progress.marks                      |     1 -
 .../CMakeFiles/qe3_logic_lib.dir/DependInfo.cmake  |    11 -
 .../CMakeFiles/qe3_logic_lib.dir/build.make        |    81 -
 .../CMakeFiles/qe3_logic_lib.dir/cmake_clean.cmake |     9 -
 .../CMakeFiles/qe3_logic_lib.dir/depend.internal   |     3 -
 .../CMakeFiles/qe3_logic_lib.dir/depend.make       |     3 -
 .../CMakeFiles/qe3_logic_lib.dir/progress.make     |     2 -
 .../bundles/ecdsa_quote_service_bundle/Makefile    |   256 -
 .../ecdsa_quote_service_bundle/cmake_install.cmake |    39 -
 .../cppmicroservices_init.cpp                      |    25 -
 .../cppmicroservices_resources.cpp                 |    33 -
 .../ecdsa_quote_service_bundle/res_0.zip           |   Bin 461 -> 0 bytes
 .../CMakeFiles/CMakeDirectoryInformation.cmake     |    16 -
 .../epid_quote_service_bundle.dir/C.includecache   |   176 -
 .../epid_quote_service_bundle.dir/CXX.includecache |  1430 --
 .../epid_quote_service_bundle.dir/DependInfo.cmake |   102 -
 .../epid_quote_service_bundle.dir/build.make       |   457 -
 .../cmake_clean.cmake                              |    36 -
 .../epid_quote_service_bundle.dir/depend.internal  |  1000 -
 .../epid_quote_service_bundle.dir/depend.make      |  1000 -
 .../epid_quote_service_bundle.dir/flags.make       |    17 -
 .../epid_quote_service_bundle.dir/link.txt         |     1 -
 .../epid_quote_service_bundle.dir/progress.make    |    29 -
 .../CMakeFiles/progress.marks                      |     1 -
 .../bundles/epid_quote_service_bundle/Makefile     |   840 -
 .../epid_quote_service_bundle/cmake_install.cmake  |    39 -
 .../cppmicroservices_init.cpp                      |    25 -
 .../cppmicroservices_resources.cpp                 |    33 -
 .../epid_quote_service_bundle/res_0.zip            |   Bin 456 -> 0 bytes
 .../CMakeFiles/CMakeDirectoryInformation.cmake     |    16 -
 .../le_launch_service_bundle.dir/C.includecache    |   114 -
 .../le_launch_service_bundle.dir/CXX.includecache  |   668 -
 .../le_launch_service_bundle.dir/DependInfo.cmake  |    70 -
 .../le_launch_service_bundle.dir/build.make        |   182 -
 .../le_launch_service_bundle.dir/cmake_clean.cmake |    17 -
 .../le_launch_service_bundle.dir/depend.internal   |   161 -
 .../le_launch_service_bundle.dir/depend.make       |   161 -
 .../le_launch_service_bundle.dir/flags.make        |    17 -
 .../le_launch_service_bundle.dir/link.txt          |     1 -
 .../le_launch_service_bundle.dir/progress.make     |    10 -
 .../CMakeFiles/progress.marks                      |     1 -
 .../bundles/le_launch_service_bundle/Makefile      |   300 -
 .../le_launch_service_bundle/cmake_install.cmake   |    39 -
 .../cppmicroservices_init.cpp                      |    25 -
 .../cppmicroservices_resources.cpp                 |    33 -
 .../le_launch_service_bundle/res_0.zip             |   Bin 449 -> 0 bytes
 .../CMakeFiles/CMakeDirectoryInformation.cmake     |    16 -
 .../CXX.includecache                               |   446 -
 .../DependInfo.cmake                               |    44 -
 .../linux_network_service_bundle.dir/build.make    |   178 -
 .../cmake_clean.cmake                              |    16 -
 .../depend.internal                                |   129 -
 .../linux_network_service_bundle.dir/depend.make   |   129 -
 .../linux_network_service_bundle.dir/flags.make    |    10 -
 .../linux_network_service_bundle.dir/link.txt      |     1 -
 .../linux_network_service_bundle.dir/progress.make |     9 -
 .../CMakeFiles/progress.marks                      |     1 -
 .../bundles/linux_network_service_bundle/Makefile  |   300 -
 .../cmake_install.cmake                            |    39 -
 .../cppmicroservices_init.cpp                      |    25 -
 .../cppmicroservices_resources.cpp                 |    33 -
 .../linux_network_service_bundle/res_0.zip         |   Bin 467 -> 0 bytes
 .../CMakeFiles/CMakeDirectoryInformation.cmake     |    16 -
 .../CMakeFiles/pce_logic_lib.dir/DependInfo.cmake  |    11 -
 .../CMakeFiles/pce_logic_lib.dir/build.make        |    81 -
 .../CMakeFiles/pce_logic_lib.dir/cmake_clean.cmake |     9 -
 .../CMakeFiles/pce_logic_lib.dir/depend.internal   |     3 -
 .../CMakeFiles/pce_logic_lib.dir/depend.make       |     3 -
 .../CMakeFiles/pce_logic_lib.dir/progress.make     |     2 -
 .../pce_service_bundle.dir/CXX.includecache        |   548 -
 .../pce_service_bundle.dir/DependInfo.cmake        |    42 -
 .../CMakeFiles/pce_service_bundle.dir/build.make   |   144 -
 .../pce_service_bundle.dir/cmake_clean.cmake       |    14 -
 .../pce_service_bundle.dir/depend.internal         |    81 -
 .../CMakeFiles/pce_service_bundle.dir/depend.make  |    81 -
 .../CMakeFiles/pce_service_bundle.dir/flags.make   |    10 -
 .../CMakeFiles/pce_service_bundle.dir/link.txt     |     1 -
 .../pce_service_bundle.dir/progress.make           |     7 -
 .../pce_service_bundle/CMakeFiles/progress.marks   |     1 -
 .../build/bundles/pce_service_bundle/Makefile      |   256 -
 .../bundles/pce_service_bundle/cmake_install.cmake |    39 -
 .../pce_service_bundle/cppmicroservices_init.cpp   |    25 -
 .../cppmicroservices_resources.cpp                 |    33 -
 .../pce_service_bundle/res_0.zip                   |   Bin 417 -> 0 bytes
 .../CMakeFiles/CMakeDirectoryInformation.cmake     |    16 -
 .../CMakeFiles/progress.marks                      |     1 -
 .../quote_ex_service_bundle.dir/CXX.includecache   |   610 -
 .../quote_ex_service_bundle.dir/DependInfo.cmake   |    48 -
 .../quote_ex_service_bundle.dir/build.make         |   147 -
 .../quote_ex_service_bundle.dir/cmake_clean.cmake  |    14 -
 .../quote_ex_service_bundle.dir/depend.internal    |    91 -
 .../quote_ex_service_bundle.dir/depend.make        |    91 -
 .../quote_ex_service_bundle.dir/flags.make         |    10 -
 .../quote_ex_service_bundle.dir/link.txt           |     1 -
 .../quote_ex_service_bundle.dir/progress.make      |     7 -
 .../build/bundles/quote_ex_service_bundle/Makefile |   240 -
 .../quote_ex_service_bundle/cmake_install.cmake    |    39 -
 .../cppmicroservices_init.cpp                      |    25 -
 .../cppmicroservices_resources.cpp                 |    33 -
 .../quote_ex_service_bundle/res_0.zip              |   Bin 445 -> 0 bytes
 .../aesm_service/source/build/cmake_install.cmake  |    60 -
 .../CMakeFiles/CMakeDirectoryInformation.cmake     |    16 -
 .../CMakeFiles/aesm_service.dir/CXX.includecache   |   826 -
 .../CMakeFiles/aesm_service.dir/DependInfo.cmake   |    48 -
 .../core/CMakeFiles/aesm_service.dir/build.make    |   211 -
 .../CMakeFiles/aesm_service.dir/cmake_clean.cmake  |    17 -
 .../CMakeFiles/aesm_service.dir/depend.internal    |   264 -
 .../core/CMakeFiles/aesm_service.dir/depend.make   |   264 -
 .../core/CMakeFiles/aesm_service.dir/flags.make    |    10 -
 .../core/CMakeFiles/aesm_service.dir/link.txt      |     1 -
 .../core/CMakeFiles/aesm_service.dir/progress.make |    10 -
 .../source/build/core/CMakeFiles/progress.marks    |     1 -
 psw/ae/aesm_service/source/build/core/Makefile     |   390 -
 .../source/build/core/cmake_install.cmake          |    45 -
 .../ipc/CMakeFiles/CMakeDirectoryInformation.cmake |    16 -
 .../core/ipc/CMakeFiles/ipc.dir/CXX.includecache   |   248 -
 .../core/ipc/CMakeFiles/ipc.dir/DependInfo.cmake   |    80 -
 .../build/core/ipc/CMakeFiles/ipc.dir/build.make   |   678 -
 .../core/ipc/CMakeFiles/ipc.dir/cmake_clean.cmake  |    50 -
 .../core/ipc/CMakeFiles/ipc.dir/depend.internal    |   368 -
 .../build/core/ipc/CMakeFiles/ipc.dir/depend.make  |   368 -
 .../build/core/ipc/CMakeFiles/ipc.dir/flags.make   |    10 -
 .../build/core/ipc/CMakeFiles/ipc.dir/link.txt     |     1 -
 .../core/ipc/CMakeFiles/ipc.dir/progress.make      |    42 -
 .../build/core/ipc/CMakeFiles/progress.marks       |     1 -
 psw/ae/aesm_service/source/build/core/ipc/Makefile |  1320 --
 .../source/build/core/ipc/cmake_install.cmake      |    39 -
 .../source/build/core/ipc/messages.pb.cc           | 11094 ----------
 .../source/build/core/ipc/messages.pb.h            | 10777 ----------
 .../oal/CMakeFiles/CMakeDirectoryInformation.cmake |    16 -
 .../build/oal/CMakeFiles/oal.dir/C.includecache    |     8 -
 .../build/oal/CMakeFiles/oal.dir/CXX.includecache  |   260 -
 .../build/oal/CMakeFiles/oal.dir/DependInfo.cmake  |    65 -
 .../source/build/oal/CMakeFiles/oal.dir/build.make |   233 -
 .../build/oal/CMakeFiles/oal.dir/cmake_clean.cmake |    19 -
 .../build/oal/CMakeFiles/oal.dir/depend.internal   |    92 -
 .../build/oal/CMakeFiles/oal.dir/depend.make       |    92 -
 .../source/build/oal/CMakeFiles/oal.dir/flags.make |    19 -
 .../source/build/oal/CMakeFiles/oal.dir/link.txt   |     1 -
 .../build/oal/CMakeFiles/oal.dir/progress.make     |    12 -
 .../source/build/oal/CMakeFiles/progress.marks     |     1 -
 psw/ae/aesm_service/source/build/oal/Makefile      |   450 -
 .../source/build/oal/cmake_install.cmake           |    39 -
 .../CMakeFiles/CMakeDirectoryInformation.cmake     |    16 -
 .../source/build/qcnl/CMakeFiles/progress.marks    |     1 -
 .../sgx_default_qcnl_wrapper.dir/CXX.includecache  |   390 -
 .../sgx_default_qcnl_wrapper.dir/DependInfo.cmake  |    39 -
 .../sgx_default_qcnl_wrapper.dir/build.make        |   205 -
 .../sgx_default_qcnl_wrapper.dir/cmake_clean.cmake |    17 -
 .../sgx_default_qcnl_wrapper.dir/depend.internal   |   241 -
 .../sgx_default_qcnl_wrapper.dir/depend.make       |   241 -
 .../sgx_default_qcnl_wrapper.dir/flags.make        |    10 -
 .../sgx_default_qcnl_wrapper.dir/link.txt          |     1 -
 .../sgx_default_qcnl_wrapper.dir/progress.make     |    10 -
 psw/ae/aesm_service/source/build/qcnl/Makefile     |   390 -
 .../source/build/qcnl/cmake_install.cmake          |    39 -
 .../qpl/CMakeFiles/CMakeDirectoryInformation.cmake |    16 -
 .../CMakeFiles/dcap_quoteprov.dir/CXX.includecache |   482 -
 .../CMakeFiles/dcap_quoteprov.dir/DependInfo.cmake |    36 -
 .../qpl/CMakeFiles/dcap_quoteprov.dir/build.make   |   131 -
 .../dcap_quoteprov.dir/cmake_clean.cmake           |    12 -
 .../CMakeFiles/dcap_quoteprov.dir/depend.internal  |    87 -
 .../qpl/CMakeFiles/dcap_quoteprov.dir/depend.make  |    87 -
 .../qpl/CMakeFiles/dcap_quoteprov.dir/flags.make   |    10 -
 .../qpl/CMakeFiles/dcap_quoteprov.dir/link.txt     |     1 -
 .../CMakeFiles/dcap_quoteprov.dir/progress.make    |     5 -
 .../source/build/qpl/CMakeFiles/progress.marks     |     1 -
 psw/ae/aesm_service/source/build/qpl/Makefile      |   240 -
 .../source/build/qpl/cmake_install.cmake           |    39 -
 .../CMakeFiles/CMakeDirectoryInformation.cmake     |    16 -
 .../source/build/utils/CMakeFiles/progress.marks   |     1 -
 .../utils/CMakeFiles/utils.dir/CXX.includecache    |   596 -
 .../utils/CMakeFiles/utils.dir/DependInfo.cmake    |    47 -
 .../build/utils/CMakeFiles/utils.dir/build.make    |   267 -
 .../utils/CMakeFiles/utils.dir/cmake_clean.cmake   |    21 -
 .../utils/CMakeFiles/utils.dir/depend.internal     |   264 -
 .../build/utils/CMakeFiles/utils.dir/depend.make   |   264 -
 .../build/utils/CMakeFiles/utils.dir/flags.make    |    10 -
 .../build/utils/CMakeFiles/utils.dir/link.txt      |     1 -
 .../build/utils/CMakeFiles/utils.dir/progress.make |    14 -
 psw/ae/aesm_service/source/build/utils/Makefile    |   510 -
 .../source/build/utils/cmake_install.cmake         |    39 -
 psw/ae/aesm_service/source/core/ipc/messages.pb.cc | 11094 ----------
 psw/ae/aesm_service/source/core/ipc/messages.pb.h  | 10777 ----------
 psw/urts/loader.cpp                                |    66 +-
 psw/urts/loader.h                                  |     1 -
 psw/urts/parser/binparser.h                        |     8 -
 psw/urts/parser/elfparser.cpp                      |    72 +-
 psw/urts/parser/elfparser.h                        |     7 -
 psw/urts/parser/section.cpp                        |     9 +-
 psw/urts/parser/section.h                          |     5 +-
 sdk/Makefile.source                                |     8 +-
 sdk/cpprt/linux/libunwind/INSTALL                  |   368 -
 sdk/cpprt/linux/libunwind/Makefile                 |  1026 -
 sdk/cpprt/linux/libunwind/Makefile.in              |  1026 -
 sdk/cpprt/linux/libunwind/aclocal.m4               |  1257 --
 sdk/cpprt/linux/libunwind/autom4te.cache/output.0  | 21110 ------------------
 sdk/cpprt/linux/libunwind/autom4te.cache/output.1  | 21110 ------------------
 sdk/cpprt/linux/libunwind/autom4te.cache/output.2  | 21110 ------------------
 sdk/cpprt/linux/libunwind/autom4te.cache/requests  |   483 -
 sdk/cpprt/linux/libunwind/autom4te.cache/traces.0  |  2369 ---
 sdk/cpprt/linux/libunwind/autom4te.cache/traces.1  |  1143 -
 sdk/cpprt/linux/libunwind/autom4te.cache/traces.2  |  2369 ---
 sdk/cpprt/linux/libunwind/config.log               |  3300 ---
 sdk/cpprt/linux/libunwind/config.status            |  2332 --
 sdk/cpprt/linux/libunwind/config/ar-lib            |   270 -
 sdk/cpprt/linux/libunwind/config/compile           |   348 -
 sdk/cpprt/linux/libunwind/config/config.guess      |  1480 --
 sdk/cpprt/linux/libunwind/config/config.sub        |  1801 --
 sdk/cpprt/linux/libunwind/config/depcomp           |   791 -
 sdk/cpprt/linux/libunwind/config/install-sh        |   518 -
 sdk/cpprt/linux/libunwind/config/ltmain.sh         | 11251 ----------
 sdk/cpprt/linux/libunwind/config/missing           |   215 -
 sdk/cpprt/linux/libunwind/config/test-driver       |   148 -
 sdk/cpprt/linux/libunwind/configure                | 21120 -------------------
 sdk/cpprt/linux/libunwind/doc/Makefile.in          |   626 -
 sdk/cpprt/linux/libunwind/include/config.h         |   235 -
 sdk/cpprt/linux/libunwind/include/config.h.in      |   234 -
 sdk/cpprt/linux/libunwind/include/config.h.in~     |   234 -
 .../linux/libunwind/include/libunwind-common.h     |   281 -
 sdk/cpprt/linux/libunwind/include/libunwind.h      |    36 -
 sdk/cpprt/linux/libunwind/include/pthread_compat.h |    57 -
 sdk/cpprt/linux/libunwind/include/stamp-h1         |     1 -
 .../linux/libunwind/include/tdep/libunwind_i.h     |    37 -
 sdk/cpprt/linux/libunwind/libtool                  | 11911 -----------
 sdk/cpprt/linux/libunwind/m4/libtool.m4            |  8394 --------
 sdk/cpprt/linux/libunwind/m4/ltoptions.m4          |   437 -
 sdk/cpprt/linux/libunwind/m4/ltsugar.m4            |   124 -
 sdk/cpprt/linux/libunwind/m4/ltversion.m4          |    23 -
 sdk/cpprt/linux/libunwind/m4/lt~obsolete.m4        |    99 -
 .../linux/libunwind/src/.deps/libunwind-elfxx.Plo  |     1 -
 sdk/cpprt/linux/libunwind/src/.deps/os-freebsd.Plo |     1 -
 sdk/cpprt/linux/libunwind/src/.deps/os-hpux.Plo    |     1 -
 sdk/cpprt/linux/libunwind/src/.deps/os-linux.Plo   |   405 -
 sdk/cpprt/linux/libunwind/src/.deps/os-qnx.Plo     |     1 -
 .../linux/libunwind/src/.deps/se-iterate-phdr.Plo  |   259 -
 .../linux/libunwind/src/.deps/se-libc-stubs.Plo    |   146 -
 .../libunwind/src/.libs/libunwind-dwarf-common.la  |     1 -
 .../libunwind/src/.libs/libunwind-dwarf-local.la   |     1 -
 .../linux/libunwind/src/.libs/libunwind-elf64.la   |     1 -
 sdk/cpprt/linux/libunwind/src/.libs/libunwind.la   |     1 -
 sdk/cpprt/linux/libunwind/src/.libs/libunwind.lai  |    41 -
 sdk/cpprt/linux/libunwind/src/Makefile             |  4602 ----
 sdk/cpprt/linux/libunwind/src/Makefile.in          |  4602 ----
 .../src/aarch64/.deps/Gapply_reg_state.Plo         |     1 -
 .../src/aarch64/.deps/Gcreate_addr_space.Plo       |     1 -
 .../libunwind/src/aarch64/.deps/Gget_proc_info.Plo |     1 -
 .../libunwind/src/aarch64/.deps/Gget_save_loc.Plo  |     1 -
 .../linux/libunwind/src/aarch64/.deps/Gglobal.Plo  |     1 -
 .../linux/libunwind/src/aarch64/.deps/Ginit.Plo    |     1 -
 .../libunwind/src/aarch64/.deps/Ginit_local.Plo    |     1 -
 .../libunwind/src/aarch64/.deps/Ginit_remote.Plo   |     1 -
 .../src/aarch64/.deps/Gis_signal_frame.Plo         |     1 -
 .../src/aarch64/.deps/Greg_states_iterate.Plo      |     1 -
 .../linux/libunwind/src/aarch64/.deps/Gregs.Plo    |     1 -
 .../linux/libunwind/src/aarch64/.deps/Gresume.Plo  |     1 -
 .../libunwind/src/aarch64/.deps/Gstash_frame.Plo   |     1 -
 .../linux/libunwind/src/aarch64/.deps/Gstep.Plo    |     1 -
 .../linux/libunwind/src/aarch64/.deps/Gtrace.Plo   |     1 -
 .../src/aarch64/.deps/Lapply_reg_state.Plo         |     1 -
 .../src/aarch64/.deps/Lcreate_addr_space.Plo       |     1 -
 .../libunwind/src/aarch64/.deps/Lget_proc_info.Plo |     1 -
 .../libunwind/src/aarch64/.deps/Lget_save_loc.Plo  |     1 -
 .../linux/libunwind/src/aarch64/.deps/Lglobal.Plo  |     1 -
 .../linux/libunwind/src/aarch64/.deps/Linit.Plo    |     1 -
 .../libunwind/src/aarch64/.deps/Linit_local.Plo    |     1 -
 .../libunwind/src/aarch64/.deps/Linit_remote.Plo   |     1 -
 .../src/aarch64/.deps/Lis_signal_frame.Plo         |     1 -
 .../src/aarch64/.deps/Lreg_states_iterate.Plo      |     1 -
 .../linux/libunwind/src/aarch64/.deps/Lregs.Plo    |     1 -
 .../linux/libunwind/src/aarch64/.deps/Lresume.Plo  |     1 -
 .../libunwind/src/aarch64/.deps/Lstash_frame.Plo   |     1 -
 .../linux/libunwind/src/aarch64/.deps/Lstep.Plo    |     1 -
 .../linux/libunwind/src/aarch64/.deps/Ltrace.Plo   |     1 -
 .../libunwind/src/aarch64/.deps/getcontext.Plo     |     1 -
 .../linux/libunwind/src/aarch64/.deps/is_fpreg.Plo |     1 -
 .../linux/libunwind/src/aarch64/.deps/regname.Plo  |     1 -
 .../libunwind/src/aarch64/.deps/siglongjmp.Plo     |     1 -
 .../libunwind/src/arm/.deps/Gapply_reg_state.Plo   |     1 -
 .../libunwind/src/arm/.deps/Gcreate_addr_space.Plo |     1 -
 .../linux/libunwind/src/arm/.deps/Gex_tables.Plo   |     1 -
 .../libunwind/src/arm/.deps/Gget_proc_info.Plo     |     1 -
 .../libunwind/src/arm/.deps/Gget_save_loc.Plo      |     1 -
 .../linux/libunwind/src/arm/.deps/Gglobal.Plo      |     1 -
 sdk/cpprt/linux/libunwind/src/arm/.deps/Ginit.Plo  |     1 -
 .../linux/libunwind/src/arm/.deps/Ginit_local.Plo  |     1 -
 .../linux/libunwind/src/arm/.deps/Ginit_remote.Plo |     1 -
 .../linux/libunwind/src/arm/.deps/Gos-freebsd.Plo  |     1 -
 .../linux/libunwind/src/arm/.deps/Gos-linux.Plo    |     1 -
 .../linux/libunwind/src/arm/.deps/Gos-other.Plo    |     1 -
 .../src/arm/.deps/Greg_states_iterate.Plo          |     1 -
 sdk/cpprt/linux/libunwind/src/arm/.deps/Gregs.Plo  |     1 -
 .../linux/libunwind/src/arm/.deps/Gresume.Plo      |     1 -
 .../linux/libunwind/src/arm/.deps/Gstash_frame.Plo |     1 -
 sdk/cpprt/linux/libunwind/src/arm/.deps/Gstep.Plo  |     1 -
 sdk/cpprt/linux/libunwind/src/arm/.deps/Gtrace.Plo |     1 -
 .../libunwind/src/arm/.deps/Lapply_reg_state.Plo   |     1 -
 .../libunwind/src/arm/.deps/Lcreate_addr_space.Plo |     1 -
 .../linux/libunwind/src/arm/.deps/Lex_tables.Plo   |     1 -
 .../libunwind/src/arm/.deps/Lget_proc_info.Plo     |     1 -
 .../libunwind/src/arm/.deps/Lget_save_loc.Plo      |     1 -
 .../linux/libunwind/src/arm/.deps/Lglobal.Plo      |     1 -
 sdk/cpprt/linux/libunwind/src/arm/.deps/Linit.Plo  |     1 -
 .../linux/libunwind/src/arm/.deps/Linit_local.Plo  |     1 -
 .../linux/libunwind/src/arm/.deps/Linit_remote.Plo |     1 -
 .../linux/libunwind/src/arm/.deps/Los-freebsd.Plo  |     1 -
 .../linux/libunwind/src/arm/.deps/Los-linux.Plo    |     1 -
 .../linux/libunwind/src/arm/.deps/Los-other.Plo    |     1 -
 .../src/arm/.deps/Lreg_states_iterate.Plo          |     1 -
 sdk/cpprt/linux/libunwind/src/arm/.deps/Lregs.Plo  |     1 -
 .../linux/libunwind/src/arm/.deps/Lresume.Plo      |     1 -
 .../linux/libunwind/src/arm/.deps/Lstash_frame.Plo |     1 -
 sdk/cpprt/linux/libunwind/src/arm/.deps/Lstep.Plo  |     1 -
 sdk/cpprt/linux/libunwind/src/arm/.deps/Ltrace.Plo |     1 -
 .../linux/libunwind/src/arm/.deps/getcontext.Plo   |     1 -
 .../linux/libunwind/src/arm/.deps/is_fpreg.Plo     |     1 -
 .../linux/libunwind/src/arm/.deps/regname.Plo      |     1 -
 .../linux/libunwind/src/arm/.deps/siglongjmp.Plo   |     1 -
 .../src/coredump/.deps/_UCD_access_mem.Plo         |     1 -
 .../src/coredump/.deps/_UCD_access_reg_freebsd.Plo |     1 -
 .../src/coredump/.deps/_UCD_access_reg_linux.Plo   |     1 -
 .../src/coredump/.deps/_UCD_accessors.Plo          |     1 -
 .../libunwind/src/coredump/.deps/_UCD_create.Plo   |     1 -
 .../libunwind/src/coredump/.deps/_UCD_destroy.Plo  |     1 -
 .../src/coredump/.deps/_UCD_elf_map_image.Plo      |     1 -
 .../src/coredump/.deps/_UCD_find_proc_info.Plo     |     1 -
 .../src/coredump/.deps/_UCD_get_proc_name.Plo      |     1 -
 .../src/coredump/.deps/_UPT_access_fpreg.Plo       |     1 -
 .../libunwind/src/coredump/.deps/_UPT_elf.Plo      |     1 -
 .../coredump/.deps/_UPT_get_dyn_info_list_addr.Plo |     1 -
 .../src/coredump/.deps/_UPT_put_unwind_info.Plo    |     1 -
 .../libunwind/src/coredump/.deps/_UPT_resume.Plo   |     1 -
 .../libunwind/src/coredump/libunwind-coredump.pc   |    11 -
 .../linux/libunwind/src/dwarf/.deps/.dirstamp      |     0
 .../linux/libunwind/src/dwarf/.deps/Lexpr.Plo      |   348 -
 sdk/cpprt/linux/libunwind/src/dwarf/.deps/Lfde.Plo |   348 -
 .../src/dwarf/.deps/Lfind_proc_info-lsb.Plo        |   415 -
 .../src/dwarf/.deps/Lfind_unwind_table.Plo         |   349 -
 .../linux/libunwind/src/dwarf/.deps/Lparser.Plo    |   374 -
 sdk/cpprt/linux/libunwind/src/dwarf/.deps/Lpe.Plo  |   348 -
 .../linux/libunwind/src/dwarf/.deps/global.Plo     |   345 -
 sdk/cpprt/linux/libunwind/src/dwarf/.dirstamp      |     0
 sdk/cpprt/linux/libunwind/src/dwarf/Lexpr.lo       |    12 -
 sdk/cpprt/linux/libunwind/src/dwarf/Lfde.lo        |    12 -
 .../libunwind/src/dwarf/Lfind_proc_info-lsb.lo     |    12 -
 .../libunwind/src/dwarf/Lfind_unwind_table.lo      |    12 -
 sdk/cpprt/linux/libunwind/src/dwarf/Lparser.lo     |    12 -
 sdk/cpprt/linux/libunwind/src/dwarf/Lpe.lo         |    12 -
 sdk/cpprt/linux/libunwind/src/dwarf/global.lo      |    12 -
 .../libunwind/src/hppa/.deps/Gapply_reg_state.Plo  |     1 -
 .../src/hppa/.deps/Gcreate_addr_space.Plo          |     1 -
 .../libunwind/src/hppa/.deps/Gget_proc_info.Plo    |     1 -
 .../libunwind/src/hppa/.deps/Gget_save_loc.Plo     |     1 -
 .../linux/libunwind/src/hppa/.deps/Gglobal.Plo     |     1 -
 sdk/cpprt/linux/libunwind/src/hppa/.deps/Ginit.Plo |     1 -
 .../linux/libunwind/src/hppa/.deps/Ginit_local.Plo |     1 -
 .../libunwind/src/hppa/.deps/Ginit_remote.Plo      |     1 -
 .../libunwind/src/hppa/.deps/Gis_signal_frame.Plo  |     1 -
 .../src/hppa/.deps/Greg_states_iterate.Plo         |     1 -
 sdk/cpprt/linux/libunwind/src/hppa/.deps/Gregs.Plo |     1 -
 .../linux/libunwind/src/hppa/.deps/Gresume.Plo     |     1 -
 sdk/cpprt/linux/libunwind/src/hppa/.deps/Gstep.Plo |     1 -
 .../libunwind/src/hppa/.deps/Lapply_reg_state.Plo  |     1 -
 .../src/hppa/.deps/Lcreate_addr_space.Plo          |     1 -
 .../libunwind/src/hppa/.deps/Lget_proc_info.Plo    |     1 -
 .../libunwind/src/hppa/.deps/Lget_save_loc.Plo     |     1 -
 .../linux/libunwind/src/hppa/.deps/Lglobal.Plo     |     1 -
 sdk/cpprt/linux/libunwind/src/hppa/.deps/Linit.Plo |     1 -
 .../linux/libunwind/src/hppa/.deps/Linit_local.Plo |     1 -
 .../libunwind/src/hppa/.deps/Linit_remote.Plo      |     1 -
 .../libunwind/src/hppa/.deps/Lis_signal_frame.Plo  |     1 -
 .../src/hppa/.deps/Lreg_states_iterate.Plo         |     1 -
 sdk/cpprt/linux/libunwind/src/hppa/.deps/Lregs.Plo |     1 -
 .../linux/libunwind/src/hppa/.deps/Lresume.Plo     |     1 -
 sdk/cpprt/linux/libunwind/src/hppa/.deps/Lstep.Plo |     1 -
 .../linux/libunwind/src/hppa/.deps/getcontext.Plo  |     1 -
 .../linux/libunwind/src/hppa/.deps/regname.Plo     |     1 -
 .../linux/libunwind/src/hppa/.deps/setcontext.Plo  |     1 -
 .../linux/libunwind/src/hppa/.deps/siglongjmp.Plo  |     1 -
 .../libunwind/src/ia64/.deps/Gapply_reg_state.Plo  |     1 -
 .../src/ia64/.deps/Gcreate_addr_space.Plo          |     1 -
 .../src/ia64/.deps/Gfind_unwind_table.Plo          |     1 -
 .../libunwind/src/ia64/.deps/Gget_proc_info.Plo    |     1 -
 .../libunwind/src/ia64/.deps/Gget_save_loc.Plo     |     1 -
 .../linux/libunwind/src/ia64/.deps/Gglobal.Plo     |     1 -
 sdk/cpprt/linux/libunwind/src/ia64/.deps/Ginit.Plo |     1 -
 .../linux/libunwind/src/ia64/.deps/Ginit_local.Plo |     1 -
 .../libunwind/src/ia64/.deps/Ginit_remote.Plo      |     1 -
 .../libunwind/src/ia64/.deps/Ginstall_cursor.Plo   |     1 -
 .../libunwind/src/ia64/.deps/Gis_signal_frame.Plo  |     1 -
 .../linux/libunwind/src/ia64/.deps/Gparser.Plo     |     1 -
 sdk/cpprt/linux/libunwind/src/ia64/.deps/Grbs.Plo  |     1 -
 .../src/ia64/.deps/Greg_states_iterate.Plo         |     1 -
 sdk/cpprt/linux/libunwind/src/ia64/.deps/Gregs.Plo |     1 -
 .../linux/libunwind/src/ia64/.deps/Gresume.Plo     |     1 -
 .../linux/libunwind/src/ia64/.deps/Gscript.Plo     |     1 -
 sdk/cpprt/linux/libunwind/src/ia64/.deps/Gstep.Plo |     1 -
 .../linux/libunwind/src/ia64/.deps/Gtables.Plo     |     1 -
 .../libunwind/src/ia64/.deps/Lapply_reg_state.Plo  |     1 -
 .../src/ia64/.deps/Lcreate_addr_space.Plo          |     1 -
 .../src/ia64/.deps/Lfind_unwind_table.Plo          |     1 -
 .../libunwind/src/ia64/.deps/Lget_proc_info.Plo    |     1 -
 .../libunwind/src/ia64/.deps/Lget_save_loc.Plo     |     1 -
 .../linux/libunwind/src/ia64/.deps/Lglobal.Plo     |     1 -
 sdk/cpprt/linux/libunwind/src/ia64/.deps/Linit.Plo |     1 -
 .../linux/libunwind/src/ia64/.deps/Linit_local.Plo |     1 -
 .../libunwind/src/ia64/.deps/Linit_remote.Plo      |     1 -
 .../libunwind/src/ia64/.deps/Linstall_cursor.Plo   |     1 -
 .../libunwind/src/ia64/.deps/Lis_signal_frame.Plo  |     1 -
 .../linux/libunwind/src/ia64/.deps/Lparser.Plo     |     1 -
 sdk/cpprt/linux/libunwind/src/ia64/.deps/Lrbs.Plo  |     1 -
 .../src/ia64/.deps/Lreg_states_iterate.Plo         |     1 -
 sdk/cpprt/linux/libunwind/src/ia64/.deps/Lregs.Plo |     1 -
 .../linux/libunwind/src/ia64/.deps/Lresume.Plo     |     1 -
 .../linux/libunwind/src/ia64/.deps/Lscript.Plo     |     1 -
 sdk/cpprt/linux/libunwind/src/ia64/.deps/Lstep.Plo |     1 -
 .../linux/libunwind/src/ia64/.deps/Ltables.Plo     |     1 -
 .../libunwind/src/ia64/.deps/dyn_info_list.Plo     |     1 -
 .../linux/libunwind/src/ia64/.deps/getcontext.Plo  |     1 -
 .../linux/libunwind/src/ia64/.deps/longjmp.Plo     |     1 -
 .../linux/libunwind/src/ia64/.deps/regname.Plo     |     1 -
 .../linux/libunwind/src/ia64/.deps/setjmp.Plo      |     1 -
 .../linux/libunwind/src/ia64/.deps/siglongjmp.Plo  |     1 -
 .../linux/libunwind/src/ia64/.deps/sigsetjmp.Plo   |     1 -
 .../linux/libunwind/src/libunwind-dwarf-common.la  |    41 -
 .../linux/libunwind/src/libunwind-dwarf-local.la   |    41 -
 sdk/cpprt/linux/libunwind/src/libunwind-elf64.la   |    41 -
 sdk/cpprt/linux/libunwind/src/libunwind-generic.pc |    11 -
 sdk/cpprt/linux/libunwind/src/libunwind.la         |    41 -
 sdk/cpprt/linux/libunwind/src/mi/.deps/.dirstamp   |     0
 .../linux/libunwind/src/mi/.deps/Gdyn-extract.Plo  |     1 -
 .../src/mi/.deps/Gfind_dynamic_proc_info.Plo       |     1 -
 .../libunwind/src/mi/.deps/Gget_accessors.Plo      |     1 -
 .../libunwind/src/mi/.deps/Gget_proc_name.Plo      |     1 -
 .../linux/libunwind/src/mi/.deps/Gget_reg.Plo      |     1 -
 .../src/mi/.deps/Gput_dynamic_unwind_info.Plo      |     1 -
 .../libunwind/src/mi/.deps/Gset_caching_policy.Plo |     1 -
 .../linux/libunwind/src/mi/.deps/Gset_reg.Plo      |     1 -
 .../libunwind/src/mi/.deps/Ldestroy_addr_space.Plo |   342 -
 .../linux/libunwind/src/mi/.deps/Ldyn-extract.Plo  |   342 -
 .../src/mi/.deps/Lfind_dynamic_proc_info.Plo       |   343 -
 .../libunwind/src/mi/.deps/Lget_accessors.Plo      |   342 -
 .../linux/libunwind/src/mi/.deps/Lget_fpreg.Plo    |   342 -
 .../src/mi/.deps/Lget_proc_info_by_ip.Plo          |   342 -
 .../libunwind/src/mi/.deps/Lget_proc_name.Plo      |   344 -
 .../linux/libunwind/src/mi/.deps/Lget_reg.Plo      |   342 -
 .../src/mi/.deps/Lput_dynamic_unwind_info.Plo      |   343 -
 .../libunwind/src/mi/.deps/Lset_cache_size.Plo     |   342 -
 .../libunwind/src/mi/.deps/Lset_caching_policy.Plo |   342 -
 .../linux/libunwind/src/mi/.deps/Lset_fpreg.Plo    |   342 -
 .../linux/libunwind/src/mi/.deps/Lset_reg.Plo      |   342 -
 .../linux/libunwind/src/mi/.deps/dyn-info-list.Plo |   340 -
 .../linux/libunwind/src/mi/.deps/flush_cache.Plo   |   340 -
 sdk/cpprt/linux/libunwind/src/mi/.deps/init.Plo    |   340 -
 sdk/cpprt/linux/libunwind/src/mi/.deps/mempool.Plo |   340 -
 sdk/cpprt/linux/libunwind/src/mi/.dirstamp         |     0
 .../linux/libunwind/src/mi/Ldestroy_addr_space.lo  |    12 -
 sdk/cpprt/linux/libunwind/src/mi/Ldyn-extract.lo   |    12 -
 .../libunwind/src/mi/Lfind_dynamic_proc_info.lo    |    12 -
 sdk/cpprt/linux/libunwind/src/mi/Lget_accessors.lo |    12 -
 sdk/cpprt/linux/libunwind/src/mi/Lget_fpreg.lo     |    12 -
 .../linux/libunwind/src/mi/Lget_proc_info_by_ip.lo |    12 -
 sdk/cpprt/linux/libunwind/src/mi/Lget_proc_name.lo |    12 -
 sdk/cpprt/linux/libunwind/src/mi/Lget_reg.lo       |    12 -
 .../libunwind/src/mi/Lput_dynamic_unwind_info.lo   |    12 -
 .../linux/libunwind/src/mi/Lset_cache_size.lo      |    12 -
 .../linux/libunwind/src/mi/Lset_caching_policy.lo  |    12 -
 sdk/cpprt/linux/libunwind/src/mi/Lset_fpreg.lo     |    12 -
 sdk/cpprt/linux/libunwind/src/mi/Lset_reg.lo       |    12 -
 sdk/cpprt/linux/libunwind/src/mi/dyn-info-list.lo  |    12 -
 sdk/cpprt/linux/libunwind/src/mi/flush_cache.lo    |    12 -
 sdk/cpprt/linux/libunwind/src/mi/init.lo           |    12 -
 sdk/cpprt/linux/libunwind/src/mi/mempool.lo        |    12 -
 .../libunwind/src/mips/.deps/Gapply_reg_state.Plo  |     1 -
 .../src/mips/.deps/Gcreate_addr_space.Plo          |     1 -
 .../libunwind/src/mips/.deps/Gget_proc_info.Plo    |     1 -
 .../libunwind/src/mips/.deps/Gget_save_loc.Plo     |     1 -
 .../linux/libunwind/src/mips/.deps/Gglobal.Plo     |     1 -
 sdk/cpprt/linux/libunwind/src/mips/.deps/Ginit.Plo |     1 -
 .../linux/libunwind/src/mips/.deps/Ginit_local.Plo |     1 -
 .../libunwind/src/mips/.deps/Ginit_remote.Plo      |     1 -
 .../libunwind/src/mips/.deps/Gis_signal_frame.Plo  |     1 -
 .../src/mips/.deps/Greg_states_iterate.Plo         |     1 -
 sdk/cpprt/linux/libunwind/src/mips/.deps/Gregs.Plo |     1 -
 .../linux/libunwind/src/mips/.deps/Gresume.Plo     |     1 -
 sdk/cpprt/linux/libunwind/src/mips/.deps/Gstep.Plo |     1 -
 .../libunwind/src/mips/.deps/Lapply_reg_state.Plo  |     1 -
 .../src/mips/.deps/Lcreate_addr_space.Plo          |     1 -
 .../libunwind/src/mips/.deps/Lget_proc_info.Plo    |     1 -
 .../libunwind/src/mips/.deps/Lget_save_loc.Plo     |     1 -
 .../linux/libunwind/src/mips/.deps/Lglobal.Plo     |     1 -
 sdk/cpprt/linux/libunwind/src/mips/.deps/Linit.Plo |     1 -
 .../linux/libunwind/src/mips/.deps/Linit_local.Plo |     1 -
 .../libunwind/src/mips/.deps/Linit_remote.Plo      |     1 -
 .../libunwind/src/mips/.deps/Lis_signal_frame.Plo  |     1 -
 .../src/mips/.deps/Lreg_states_iterate.Plo         |     1 -
 sdk/cpprt/linux/libunwind/src/mips/.deps/Lregs.Plo |     1 -
 .../linux/libunwind/src/mips/.deps/Lresume.Plo     |     1 -
 sdk/cpprt/linux/libunwind/src/mips/.deps/Lstep.Plo |     1 -
 .../linux/libunwind/src/mips/.deps/getcontext.Plo  |     1 -
 .../linux/libunwind/src/mips/.deps/is_fpreg.Plo    |     1 -
 .../linux/libunwind/src/mips/.deps/regname.Plo     |     1 -
 .../linux/libunwind/src/mips/.deps/siglongjmp.Plo  |     1 -
 sdk/cpprt/linux/libunwind/src/os-linux.lo          |    12 -
 .../libunwind/src/ppc/.deps/Gget_proc_info.Plo     |     1 -
 .../libunwind/src/ppc/.deps/Gget_save_loc.Plo      |     1 -
 .../linux/libunwind/src/ppc/.deps/Ginit_local.Plo  |     1 -
 .../linux/libunwind/src/ppc/.deps/Ginit_remote.Plo |     1 -
 .../libunwind/src/ppc/.deps/Gis_signal_frame.Plo   |     1 -
 .../libunwind/src/ppc/.deps/Lget_proc_info.Plo     |     1 -
 .../libunwind/src/ppc/.deps/Lget_save_loc.Plo      |     1 -
 .../linux/libunwind/src/ppc/.deps/Linit_local.Plo  |     1 -
 .../linux/libunwind/src/ppc/.deps/Linit_remote.Plo |     1 -
 .../libunwind/src/ppc/.deps/Lis_signal_frame.Plo   |     1 -
 .../linux/libunwind/src/ppc/.deps/longjmp.Plo      |     1 -
 .../linux/libunwind/src/ppc/.deps/siglongjmp.Plo   |     1 -
 .../libunwind/src/ppc32/.deps/Gapply_reg_state.Plo |     1 -
 .../src/ppc32/.deps/Gcreate_addr_space.Plo         |     1 -
 .../linux/libunwind/src/ppc32/.deps/Gglobal.Plo    |     1 -
 .../linux/libunwind/src/ppc32/.deps/Ginit.Plo      |     1 -
 .../src/ppc32/.deps/Greg_states_iterate.Plo        |     1 -
 .../linux/libunwind/src/ppc32/.deps/Gregs.Plo      |     1 -
 .../linux/libunwind/src/ppc32/.deps/Gresume.Plo    |     1 -
 .../linux/libunwind/src/ppc32/.deps/Gstep.Plo      |     1 -
 .../libunwind/src/ppc32/.deps/Lapply_reg_state.Plo |     1 -
 .../src/ppc32/.deps/Lcreate_addr_space.Plo         |     1 -
 .../linux/libunwind/src/ppc32/.deps/Lglobal.Plo    |     1 -
 .../linux/libunwind/src/ppc32/.deps/Linit.Plo      |     1 -
 .../src/ppc32/.deps/Lreg_states_iterate.Plo        |     1 -
 .../linux/libunwind/src/ppc32/.deps/Lregs.Plo      |     1 -
 .../linux/libunwind/src/ppc32/.deps/Lresume.Plo    |     1 -
 .../linux/libunwind/src/ppc32/.deps/Lstep.Plo      |     1 -
 .../libunwind/src/ppc32/.deps/get_func_addr.Plo    |     1 -
 .../linux/libunwind/src/ppc32/.deps/is_fpreg.Plo   |     1 -
 .../linux/libunwind/src/ppc32/.deps/regname.Plo    |     1 -
 .../libunwind/src/ppc64/.deps/Gapply_reg_state.Plo |     1 -
 .../src/ppc64/.deps/Gcreate_addr_space.Plo         |     1 -
 .../linux/libunwind/src/ppc64/.deps/Gglobal.Plo    |     1 -
 .../linux/libunwind/src/ppc64/.deps/Ginit.Plo      |     1 -
 .../src/ppc64/.deps/Greg_states_iterate.Plo        |     1 -
 .../linux/libunwind/src/ppc64/.deps/Gregs.Plo      |     1 -
 .../linux/libunwind/src/ppc64/.deps/Gresume.Plo    |     1 -
 .../linux/libunwind/src/ppc64/.deps/Gstep.Plo      |     1 -
 .../libunwind/src/ppc64/.deps/Lapply_reg_state.Plo |     1 -
 .../src/ppc64/.deps/Lcreate_addr_space.Plo         |     1 -
 .../linux/libunwind/src/ppc64/.deps/Lglobal.Plo    |     1 -
 .../linux/libunwind/src/ppc64/.deps/Linit.Plo      |     1 -
 .../src/ppc64/.deps/Lreg_states_iterate.Plo        |     1 -
 .../linux/libunwind/src/ppc64/.deps/Lregs.Plo      |     1 -
 .../linux/libunwind/src/ppc64/.deps/Lresume.Plo    |     1 -
 .../linux/libunwind/src/ppc64/.deps/Lstep.Plo      |     1 -
 .../libunwind/src/ppc64/.deps/get_func_addr.Plo    |     1 -
 .../linux/libunwind/src/ppc64/.deps/is_fpreg.Plo   |     1 -
 .../linux/libunwind/src/ppc64/.deps/regname.Plo    |     1 -
 .../src/ptrace/.deps/_UPT_access_fpreg.Plo         |     1 -
 .../libunwind/src/ptrace/.deps/_UPT_access_mem.Plo |     1 -
 .../libunwind/src/ptrace/.deps/_UPT_access_reg.Plo |     1 -
 .../libunwind/src/ptrace/.deps/_UPT_accessors.Plo  |     1 -
 .../libunwind/src/ptrace/.deps/_UPT_create.Plo     |     1 -
 .../libunwind/src/ptrace/.deps/_UPT_destroy.Plo    |     1 -
 .../linux/libunwind/src/ptrace/.deps/_UPT_elf.Plo  |     1 -
 .../src/ptrace/.deps/_UPT_find_proc_info.Plo       |     1 -
 .../ptrace/.deps/_UPT_get_dyn_info_list_addr.Plo   |     1 -
 .../src/ptrace/.deps/_UPT_get_proc_name.Plo        |     1 -
 .../src/ptrace/.deps/_UPT_put_unwind_info.Plo      |     1 -
 .../libunwind/src/ptrace/.deps/_UPT_reg_offset.Plo |     1 -
 .../libunwind/src/ptrace/.deps/_UPT_resume.Plo     |     1 -
 .../linux/libunwind/src/ptrace/libunwind-ptrace.pc |    11 -
 sdk/cpprt/linux/libunwind/src/se-iterate-phdr.lo   |    12 -
 sdk/cpprt/linux/libunwind/src/se-libc-stubs.lo     |    12 -
 .../linux/libunwind/src/setjmp/.deps/longjmp.Plo   |     1 -
 .../libunwind/src/setjmp/.deps/siglongjmp.Plo      |     1 -
 .../linux/libunwind/src/setjmp/libunwind-setjmp.pc |    11 -
 .../libunwind/src/sh/.deps/Gapply_reg_state.Plo    |     1 -
 .../libunwind/src/sh/.deps/Gcreate_addr_space.Plo  |     1 -
 .../libunwind/src/sh/.deps/Gget_proc_info.Plo      |     1 -
 .../linux/libunwind/src/sh/.deps/Gget_save_loc.Plo |     1 -
 sdk/cpprt/linux/libunwind/src/sh/.deps/Gglobal.Plo |     1 -
 sdk/cpprt/linux/libunwind/src/sh/.deps/Ginit.Plo   |     1 -
 .../linux/libunwind/src/sh/.deps/Ginit_local.Plo   |     1 -
 .../linux/libunwind/src/sh/.deps/Ginit_remote.Plo  |     1 -
 .../libunwind/src/sh/.deps/Gis_signal_frame.Plo    |     1 -
 .../libunwind/src/sh/.deps/Greg_states_iterate.Plo |     1 -
 sdk/cpprt/linux/libunwind/src/sh/.deps/Gregs.Plo   |     1 -
 sdk/cpprt/linux/libunwind/src/sh/.deps/Gresume.Plo |     1 -
 sdk/cpprt/linux/libunwind/src/sh/.deps/Gstep.Plo   |     1 -
 .../libunwind/src/sh/.deps/Lapply_reg_state.Plo    |     1 -
 .../libunwind/src/sh/.deps/Lcreate_addr_space.Plo  |     1 -
 .../libunwind/src/sh/.deps/Lget_proc_info.Plo      |     1 -
 .../linux/libunwind/src/sh/.deps/Lget_save_loc.Plo |     1 -
 sdk/cpprt/linux/libunwind/src/sh/.deps/Lglobal.Plo |     1 -
 sdk/cpprt/linux/libunwind/src/sh/.deps/Linit.Plo   |     1 -
 .../linux/libunwind/src/sh/.deps/Linit_local.Plo   |     1 -
 .../linux/libunwind/src/sh/.deps/Linit_remote.Plo  |     1 -
 .../libunwind/src/sh/.deps/Lis_signal_frame.Plo    |     1 -
 .../libunwind/src/sh/.deps/Lreg_states_iterate.Plo |     1 -
 sdk/cpprt/linux/libunwind/src/sh/.deps/Lregs.Plo   |     1 -
 sdk/cpprt/linux/libunwind/src/sh/.deps/Lresume.Plo |     1 -
 sdk/cpprt/linux/libunwind/src/sh/.deps/Lstep.Plo   |     1 -
 .../linux/libunwind/src/sh/.deps/is_fpreg.Plo      |     1 -
 sdk/cpprt/linux/libunwind/src/sh/.deps/regname.Plo |     1 -
 .../linux/libunwind/src/sh/.deps/siglongjmp.Plo    |     1 -
 .../src/tilegx/.deps/Gapply_reg_state.Plo          |     1 -
 .../src/tilegx/.deps/Gcreate_addr_space.Plo        |     1 -
 .../libunwind/src/tilegx/.deps/Gget_proc_info.Plo  |     1 -
 .../libunwind/src/tilegx/.deps/Gget_save_loc.Plo   |     1 -
 .../linux/libunwind/src/tilegx/.deps/Gglobal.Plo   |     1 -
 .../linux/libunwind/src/tilegx/.deps/Ginit.Plo     |     1 -
 .../libunwind/src/tilegx/.deps/Ginit_local.Plo     |     1 -
 .../libunwind/src/tilegx/.deps/Ginit_remote.Plo    |     1 -
 .../src/tilegx/.deps/Gis_signal_frame.Plo          |     1 -
 .../src/tilegx/.deps/Greg_states_iterate.Plo       |     1 -
 .../linux/libunwind/src/tilegx/.deps/Gregs.Plo     |     1 -
 .../linux/libunwind/src/tilegx/.deps/Gresume.Plo   |     1 -
 .../linux/libunwind/src/tilegx/.deps/Gstep.Plo     |     1 -
 .../src/tilegx/.deps/Lapply_reg_state.Plo          |     1 -
 .../src/tilegx/.deps/Lcreate_addr_space.Plo        |     1 -
 .../libunwind/src/tilegx/.deps/Lget_proc_info.Plo  |     1 -
 .../libunwind/src/tilegx/.deps/Lget_save_loc.Plo   |     1 -
 .../linux/libunwind/src/tilegx/.deps/Lglobal.Plo   |     1 -
 .../linux/libunwind/src/tilegx/.deps/Linit.Plo     |     1 -
 .../libunwind/src/tilegx/.deps/Linit_local.Plo     |     1 -
 .../libunwind/src/tilegx/.deps/Linit_remote.Plo    |     1 -
 .../src/tilegx/.deps/Lis_signal_frame.Plo          |     1 -
 .../src/tilegx/.deps/Lreg_states_iterate.Plo       |     1 -
 .../linux/libunwind/src/tilegx/.deps/Lregs.Plo     |     1 -
 .../linux/libunwind/src/tilegx/.deps/Lresume.Plo   |     1 -
 .../linux/libunwind/src/tilegx/.deps/Lstep.Plo     |     1 -
 .../libunwind/src/tilegx/.deps/getcontext.Plo      |     1 -
 .../linux/libunwind/src/tilegx/.deps/is_fpreg.Plo  |     1 -
 .../linux/libunwind/src/tilegx/.deps/regname.Plo   |     1 -
 .../libunwind/src/tilegx/.deps/siglongjmp.Plo      |     1 -
 .../linux/libunwind/src/unwind/.deps/.dirstamp     |     0
 .../linux/libunwind/src/unwind/.deps/Backtrace.Plo |   345 -
 .../libunwind/src/unwind/.deps/GetDataRelBase.Plo  |   346 -
 .../linux/libunwind/src/unwind/.deps/GetIP.Plo     |   345 -
 .../src/unwind/.deps/GetLanguageSpecificData.Plo   |   346 -
 .../libunwind/src/unwind/.deps/GetRegionStart.Plo  |   346 -
 .../libunwind/src/unwind/.deps/GetTextRelBase.Plo  |   346 -
 .../libunwind/src/unwind/.deps/RaiseException.Plo  |   346 -
 .../linux/libunwind/src/unwind/.deps/Resume.Plo    |   345 -
 .../src/unwind/.deps/Resume_or_Rethrow.Plo         |   346 -
 .../linux/libunwind/src/unwind/.deps/SetGR.Plo     |   345 -
 .../linux/libunwind/src/unwind/.deps/SetIP.Plo     |   345 -
 sdk/cpprt/linux/libunwind/src/unwind/.dirstamp     |     0
 sdk/cpprt/linux/libunwind/src/unwind/Backtrace.lo  |    12 -
 .../linux/libunwind/src/unwind/GetDataRelBase.lo   |    12 -
 sdk/cpprt/linux/libunwind/src/unwind/GetIP.lo      |    12 -
 .../src/unwind/GetLanguageSpecificData.lo          |    12 -
 .../linux/libunwind/src/unwind/GetRegionStart.lo   |    12 -
 .../linux/libunwind/src/unwind/GetTextRelBase.lo   |    12 -
 .../linux/libunwind/src/unwind/RaiseException.lo   |    12 -
 sdk/cpprt/linux/libunwind/src/unwind/Resume.lo     |    12 -
 .../libunwind/src/unwind/Resume_or_Rethrow.lo      |    12 -
 sdk/cpprt/linux/libunwind/src/unwind/SetGR.lo      |    12 -
 sdk/cpprt/linux/libunwind/src/unwind/SetIP.lo      |    12 -
 sdk/cpprt/linux/libunwind/src/unwind/libunwind.pc  |    11 -
 .../libunwind/src/x86/.deps/Gapply_reg_state.Plo   |     1 -
 .../libunwind/src/x86/.deps/Gcreate_addr_space.Plo |     1 -
 .../libunwind/src/x86/.deps/Gget_proc_info.Plo     |     1 -
 .../libunwind/src/x86/.deps/Gget_save_loc.Plo      |     1 -
 .../linux/libunwind/src/x86/.deps/Gglobal.Plo      |     1 -
 sdk/cpprt/linux/libunwind/src/x86/.deps/Ginit.Plo  |     1 -
 .../linux/libunwind/src/x86/.deps/Ginit_local.Plo  |     1 -
 .../linux/libunwind/src/x86/.deps/Ginit_remote.Plo |     1 -
 .../linux/libunwind/src/x86/.deps/Gos-freebsd.Plo  |     1 -
 .../linux/libunwind/src/x86/.deps/Gos-linux.Plo    |     1 -
 .../src/x86/.deps/Greg_states_iterate.Plo          |     1 -
 sdk/cpprt/linux/libunwind/src/x86/.deps/Gregs.Plo  |     1 -
 .../linux/libunwind/src/x86/.deps/Gresume.Plo      |     1 -
 sdk/cpprt/linux/libunwind/src/x86/.deps/Gstep.Plo  |     1 -
 .../libunwind/src/x86/.deps/Lapply_reg_state.Plo   |     1 -
 .../libunwind/src/x86/.deps/Lcreate_addr_space.Plo |     1 -
 .../libunwind/src/x86/.deps/Lget_proc_info.Plo     |     1 -
 .../libunwind/src/x86/.deps/Lget_save_loc.Plo      |     1 -
 .../linux/libunwind/src/x86/.deps/Lglobal.Plo      |     1 -
 sdk/cpprt/linux/libunwind/src/x86/.deps/Linit.Plo  |     1 -
 .../linux/libunwind/src/x86/.deps/Linit_local.Plo  |     1 -
 .../linux/libunwind/src/x86/.deps/Linit_remote.Plo |     1 -
 .../linux/libunwind/src/x86/.deps/Los-freebsd.Plo  |     1 -
 .../linux/libunwind/src/x86/.deps/Los-linux.Plo    |     1 -
 .../src/x86/.deps/Lreg_states_iterate.Plo          |     1 -
 sdk/cpprt/linux/libunwind/src/x86/.deps/Lregs.Plo  |     1 -
 .../linux/libunwind/src/x86/.deps/Lresume.Plo      |     1 -
 sdk/cpprt/linux/libunwind/src/x86/.deps/Lstep.Plo  |     1 -
 .../libunwind/src/x86/.deps/getcontext-freebsd.Plo |     1 -
 .../libunwind/src/x86/.deps/getcontext-linux.Plo   |     1 -
 .../linux/libunwind/src/x86/.deps/is_fpreg.Plo     |     1 -
 .../linux/libunwind/src/x86/.deps/longjmp.Plo      |     1 -
 .../linux/libunwind/src/x86/.deps/regname.Plo      |     1 -
 .../linux/libunwind/src/x86/.deps/siglongjmp.Plo   |     1 -
 .../linux/libunwind/src/x86_64/.deps/.dirstamp     |     0
 .../src/x86_64/.deps/Lapply_reg_state.Plo          |   348 -
 .../src/x86_64/.deps/Lcreate_addr_space.Plo        |   348 -
 .../libunwind/src/x86_64/.deps/Lget_proc_info.Plo  |   347 -
 .../libunwind/src/x86_64/.deps/Lget_save_loc.Plo   |   347 -
 .../linux/libunwind/src/x86_64/.deps/Lglobal.Plo   |   354 -
 .../linux/libunwind/src/x86_64/.deps/Linit.Plo     |   380 -
 .../libunwind/src/x86_64/.deps/Linit_local.Plo     |   349 -
 .../libunwind/src/x86_64/.deps/Linit_remote.Plo    |   350 -
 .../libunwind/src/x86_64/.deps/Los-freebsd.Plo     |     1 -
 .../linux/libunwind/src/x86_64/.deps/Los-linux.Plo |   361 -
 .../src/x86_64/.deps/Lreg_states_iterate.Plo       |   348 -
 .../linux/libunwind/src/x86_64/.deps/Lregs.Plo     |   347 -
 .../linux/libunwind/src/x86_64/.deps/Lresume.Plo   |   350 -
 .../libunwind/src/x86_64/.deps/Lstash_frame.Plo    |   349 -
 .../linux/libunwind/src/x86_64/.deps/Lstep.Plo     |   403 -
 .../libunwind/src/x86_64/.deps/getcontext.Plo      |     3 -
 .../linux/libunwind/src/x86_64/.deps/is_fpreg.Plo  |   340 -
 .../linux/libunwind/src/x86_64/.deps/longjmp.Plo   |     1 -
 .../libunwind/src/x86_64/.deps/setcontext.Plo      |     3 -
 .../libunwind/src/x86_64/.deps/siglongjmp.Plo      |     1 -
 sdk/cpprt/linux/libunwind/src/x86_64/.dirstamp     |     0
 .../linux/libunwind/src/x86_64/Lapply_reg_state.lo |    12 -
 .../libunwind/src/x86_64/Lcreate_addr_space.lo     |    12 -
 .../linux/libunwind/src/x86_64/Lget_proc_info.lo   |    12 -
 .../linux/libunwind/src/x86_64/Lget_save_loc.lo    |    12 -
 sdk/cpprt/linux/libunwind/src/x86_64/Lglobal.lo    |    12 -
 sdk/cpprt/linux/libunwind/src/x86_64/Linit.lo      |    12 -
 .../linux/libunwind/src/x86_64/Linit_local.lo      |    12 -
 .../linux/libunwind/src/x86_64/Linit_remote.lo     |    12 -
 sdk/cpprt/linux/libunwind/src/x86_64/Los-linux.lo  |    12 -
 .../libunwind/src/x86_64/Lreg_states_iterate.lo    |    12 -
 sdk/cpprt/linux/libunwind/src/x86_64/Lregs.lo      |    12 -
 sdk/cpprt/linux/libunwind/src/x86_64/Lresume.lo    |    12 -
 .../linux/libunwind/src/x86_64/Lstash_frame.lo     |    12 -
 sdk/cpprt/linux/libunwind/src/x86_64/Lstep.lo      |    12 -
 sdk/cpprt/linux/libunwind/src/x86_64/getcontext.lo |    12 -
 sdk/cpprt/linux/libunwind/src/x86_64/is_fpreg.lo   |    12 -
 sdk/cpprt/linux/libunwind/src/x86_64/setcontext.lo |    12 -
 sdk/cpprt/linux/libunwind/tests/Makefile.in        |  2321 --
 sdk/edger8r/linux/_build/Ast.cmi                   |   Bin 8219 -> 0 bytes
 sdk/edger8r/linux/_build/Ast.cmo                   |   Bin 2193 -> 0 bytes
 sdk/edger8r/linux/_build/Ast.cmx                   |   Bin 796 -> 0 bytes
 sdk/edger8r/linux/_build/Ast.ml                    |   285 -
 sdk/edger8r/linux/_build/Ast.ml.depends            |     1 -
 sdk/edger8r/linux/_build/CodeGen.cmi               |   Bin 20842 -> 0 bytes
 sdk/edger8r/linux/_build/CodeGen.cmo               |   Bin 116156 -> 0 bytes
 sdk/edger8r/linux/_build/CodeGen.cmx               |   Bin 12233 -> 0 bytes
 sdk/edger8r/linux/_build/CodeGen.ml                |  2583 ---
 sdk/edger8r/linux/_build/CodeGen.ml.depends        |     1 -
 sdk/edger8r/linux/_build/Edger8r.cmi               |   Bin 1044 -> 0 bytes
 sdk/edger8r/linux/_build/Edger8r.cmo               |   Bin 1699 -> 0 bytes
 sdk/edger8r/linux/_build/Edger8r.cmx               |   Bin 1219 -> 0 bytes
 sdk/edger8r/linux/_build/Edger8r.ml                |    46 -
 sdk/edger8r/linux/_build/Edger8r.ml.depends        |     1 -
 sdk/edger8r/linux/_build/Edger8r.native            |   Bin 2259392 -> 0 bytes
 sdk/edger8r/linux/_build/Lexer.cmi                 |   Bin 1258 -> 0 bytes
 sdk/edger8r/linux/_build/Lexer.cmo                 |   Bin 58988 -> 0 bytes
 sdk/edger8r/linux/_build/Lexer.cmx                 |   Bin 57635 -> 0 bytes
 sdk/edger8r/linux/_build/Lexer.ml                  |  3860 ----
 sdk/edger8r/linux/_build/Lexer.ml.depends          |     1 -
 sdk/edger8r/linux/_build/Lexer.mll                 |   125 -
 sdk/edger8r/linux/_build/Parser.cmi                |   Bin 2488 -> 0 bytes
 sdk/edger8r/linux/_build/Parser.cmx                |   Bin 6265 -> 0 bytes
 sdk/edger8r/linux/_build/Parser.ml                 |  1811 --
 sdk/edger8r/linux/_build/Parser.ml.depends         |     1 -
 sdk/edger8r/linux/_build/Parser.mli                |    51 -
 sdk/edger8r/linux/_build/Parser.mli.depends        |     1 -
 sdk/edger8r/linux/_build/Parser.mly                |   766 -
 sdk/edger8r/linux/_build/Plugin.cmi                |   Bin 1252 -> 0 bytes
 sdk/edger8r/linux/_build/Plugin.cmo                |   Bin 952 -> 0 bytes
 sdk/edger8r/linux/_build/Plugin.cmx                |   Bin 958 -> 0 bytes
 sdk/edger8r/linux/_build/Plugin.ml                 |    53 -
 sdk/edger8r/linux/_build/Plugin.ml.depends         |     1 -
 sdk/edger8r/linux/_build/Preprocessor.cmi          |   Bin 959 -> 0 bytes
 sdk/edger8r/linux/_build/Preprocessor.cmo          |   Bin 1918 -> 0 bytes
 sdk/edger8r/linux/_build/Preprocessor.cmx          |   Bin 920 -> 0 bytes
 sdk/edger8r/linux/_build/Preprocessor.ml           |    68 -
 sdk/edger8r/linux/_build/Preprocessor.ml.depends   |     1 -
 sdk/edger8r/linux/_build/SimpleStack.cmi           |   Bin 834 -> 0 bytes
 sdk/edger8r/linux/_build/SimpleStack.cmo           |   Bin 616 -> 0 bytes
 sdk/edger8r/linux/_build/SimpleStack.cmx           |   Bin 672 -> 0 bytes
 sdk/edger8r/linux/_build/SimpleStack.ml            |    40 -
 sdk/edger8r/linux/_build/SimpleStack.ml.depends    |     1 -
 sdk/edger8r/linux/_build/Util.cmi                  |   Bin 3536 -> 0 bytes
 sdk/edger8r/linux/_build/Util.cmo                  |   Bin 7513 -> 0 bytes
 sdk/edger8r/linux/_build/Util.cmx                  |   Bin 1887 -> 0 bytes
 sdk/edger8r/linux/_build/Util.ml                   |   300 -
 sdk/edger8r/linux/_build/Util.ml.depends           |     1 -
 sdk/edger8r/linux/_build/_digests                  |    40 -
 sdk/edger8r/linux/_build/_log                      |   116 -
 sdk/edger8r/linux/_build/ocamlc.where              |     1 -
 sdk/encrypt_enclave/sgx_encrypt                    |   Bin 63536 -> 0 bytes
 .../sgx_uprotected_fs/sgx_uprotected_fs.cpp        |    12 -
 sdk/sign_tool/SignTool/enclave_creator_sign.cpp    |    13 +-
 sdk/sign_tool/SignTool/enclave_creator_sign.h      |    17 +-
 sdk/sign_tool/SignTool/parse_key_file.cpp          |     2 +-
 sdk/sign_tool/SignTool/sgx_sign                    |   Bin 256656 -> 0 bytes
 sdk/sign_tool/SignTool/sign_tool.cpp               |   263 +-
 sdk/sign_tool/SignTool/util_st.cpp                 |     3 +-
 sdk/sign_tool/SignTool/util_st.h                   |    14 +-
 .../SEConfigureCPUSVN/linux/sgx_config_cpusvn      |   Bin 17880 -> 0 bytes
 sdk/wasm/Makefile                                  |    32 -
 sdk/wasm/sgx_wasm.cpp                              |   463 -
 835 files changed, 31 insertions(+), 254108 deletions(-)
