Performing C SOURCE FILE Test CMAKE_HAVE_LIBC_PTHREAD failed with the following output:
Change Dir: /root/linux-sgx-merge/psw/ae/aesm_service/source/build/CMakeFiles/CMakeTmp

Run Build Command(s):/usr/bin/make cmTC_b7e51/fast && make[4]: Entering directory '/root/linux-sgx-merge/psw/ae/aesm_service/source/build/CMakeFiles/CMakeTmp'
/usr/bin/make -f CMakeFiles/cmTC_b7e51.dir/build.make CMakeFiles/cmTC_b7e51.dir/build
make[5]: Entering directory '/root/linux-sgx-merge/psw/ae/aesm_service/source/build/CMakeFiles/CMakeTmp'
Building C object CMakeFiles/cmTC_b7e51.dir/src.c.o
/usr/bin/cc   -DCMAKE_HAVE_LIBC_PTHREAD   -o CMakeFiles/cmTC_b7e51.dir/src.c.o   -c /root/linux-sgx-merge/psw/ae/aesm_service/source/build/CMakeFiles/CMakeTmp/src.c
Linking C executable cmTC_b7e51
/usr/bin/cmake -E cmake_link_script CMakeFiles/cmTC_b7e51.dir/link.txt --verbose=1
/usr/bin/cc  -DCMAKE_HAVE_LIBC_PTHREAD    -rdynamic CMakeFiles/cmTC_b7e51.dir/src.c.o  -o cmTC_b7e51 
/usr/local/bin/ld: CMakeFiles/cmTC_b7e51.dir/src.c.o: in function `main':
src.c:(.text+0x46): undefined reference to `pthread_create'
/usr/local/bin/ld: src.c:(.text+0x52): undefined reference to `pthread_detach'
/usr/local/bin/ld: src.c:(.text+0x63): undefined reference to `pthread_join'
collect2: error: ld returned 1 exit status
make[5]: *** [CMakeFiles/cmTC_b7e51.dir/build.make:87: cmTC_b7e51] Error 1
make[5]: Leaving directory '/root/linux-sgx-merge/psw/ae/aesm_service/source/build/CMakeFiles/CMakeTmp'
make[4]: *** [Makefile:121: cmTC_b7e51/fast] Error 2
make[4]: Leaving directory '/root/linux-sgx-merge/psw/ae/aesm_service/source/build/CMakeFiles/CMakeTmp'


Source file was:
#include <pthread.h>

void* test_func(void* data)
{
  return data;
}

int main(void)
{
  pthread_t thread;
  pthread_create(&thread, NULL, test_func, NULL);
  pthread_detach(thread);
  pthread_join(thread, NULL);
  pthread_atfork(NULL, NULL, NULL);
  pthread_exit(NULL);

  return 0;
}

Determining if the function pthread_create exists in the pthreads failed with the following output:
Change Dir: /root/linux-sgx-merge/psw/ae/aesm_service/source/build/CMakeFiles/CMakeTmp

Run Build Command(s):/usr/bin/make cmTC_27eb5/fast && make[4]: Entering directory '/root/linux-sgx-merge/psw/ae/aesm_service/source/build/CMakeFiles/CMakeTmp'
/usr/bin/make -f CMakeFiles/cmTC_27eb5.dir/build.make CMakeFiles/cmTC_27eb5.dir/build
make[5]: Entering directory '/root/linux-sgx-merge/psw/ae/aesm_service/source/build/CMakeFiles/CMakeTmp'
Building C object CMakeFiles/cmTC_27eb5.dir/CheckFunctionExists.c.o
/usr/bin/cc   -DCHECK_FUNCTION_EXISTS=pthread_create   -o CMakeFiles/cmTC_27eb5.dir/CheckFunctionExists.c.o   -c /usr/share/cmake-3.16/Modules/CheckFunctionExists.c
Linking C executable cmTC_27eb5
/usr/bin/cmake -E cmake_link_script CMakeFiles/cmTC_27eb5.dir/link.txt --verbose=1
/usr/bin/cc  -DCHECK_FUNCTION_EXISTS=pthread_create    -rdynamic CMakeFiles/cmTC_27eb5.dir/CheckFunctionExists.c.o  -o cmTC_27eb5  -lpthreads 
/usr/local/bin/ld: cannot find -lpthreads
collect2: error: ld returned 1 exit status
make[5]: *** [CMakeFiles/cmTC_27eb5.dir/build.make:87: cmTC_27eb5] Error 1
make[5]: Leaving directory '/root/linux-sgx-merge/psw/ae/aesm_service/source/build/CMakeFiles/CMakeTmp'
make[4]: *** [Makefile:121: cmTC_27eb5/fast] Error 2
make[4]: Leaving directory '/root/linux-sgx-merge/psw/ae/aesm_service/source/build/CMakeFiles/CMakeTmp'



